<?xml version="1.0" encoding="UTF-8"?>
<!-- Generated by org.testng.reporters.JUnitReportReporter -->
<testsuite hostname="PC" failures="0" tests="1" name="AmazonTestPackage.AppleProgram" time="58.080" errors="0" timestamp="2025-08-30T14:13:02 IST" skipped="0">
  <testcase classname="AmazonTestPackage.AppleProgram" name="testAppleDevice" time="58.080"/>
</testsuite> <!-- AmazonTestPackage.AppleProgram -->
